[    0.000000] Initializing cgroup subsys cpuset
[    0.000000] Initializing cgroup subsys cpu
[    0.000000] Initializing cgroup subsys cpuacct
[    0.000000] Linux version 4.4.0-210-generic (buildd@lgw01-amd64-009) (gcc version 5.4.0 20160609 (Ubuntu 5.4.0-6ubuntu1~16.04.12) ) #242-Ubuntu SMP Fri Apr 16 09:57:56 UTC 2021 (Ubuntu 4.4.0-210.242-generic 4.4.262)
[    0.000000] Command line: BOOT_IMAGE=/boot/vmlinuz-4.4.0-210-generic root=LABEL=cloudimg-rootfs ro console=tty1 console=ttyS0
[    0.000000] KERNEL supported cpus:
[    0.000000]   Intel GenuineIntel
[    0.000000]   AMD AuthenticAMD
[    0.000000]   Centaur CentaurHauls
[    0.000000] x86/fpu: xstate_offset[2]:  576, xstate_sizes[2]:  256
[    0.000000] x86/fpu: Supporting XSAVE feature 0x01: 'x87 floating point registers'
[    0.000000] x86/fpu: Supporting XSAVE feature 0x02: 'SSE registers'
[    0.000000] x86/fpu: Supporting XSAVE feature 0x04: 'AVX registers'
[    0.000000] x86/fpu: Enabled xstate features 0x7, context size is 832 bytes, using 'standard' format.
[    0.000000] e820: BIOS-provided physical RAM map:
[    0.000000] BIOS-e820: [mem 0x0000000000000000-0x000000000009fbff] usable
[    0.000000] BIOS-e820: [mem 0x000000000009fc00-0x000000000009ffff] reserved
[    0.000000] BIOS-e820: [mem 0x00000000000f0000-0x00000000000fffff] reserved
[    0.000000] BIOS-e820: [mem 0x0000000000100000-0x000000003ffeffff] usable
[    0.000000] BIOS-e820: [mem 0x000000003fff0000-0x000000003fffffff] ACPI data
[    0.000000] BIOS-e820: [mem 0x00000000fec00000-0x00000000fec00fff] reserved
[    0.000000] BIOS-e820: [mem 0x00000000fee00000-0x00000000fee00fff] reserved
[    0.000000] BIOS-e820: [mem 0x00000000fffc0000-0x00000000ffffffff] reserved
[    0.000000] NX (Execute Disable) protection: active
[    0.000000] SMBIOS 2.5 present.
[    0.000000] Hypervisor detected: KVM
[    0.000000] e820: last_pfn = 0x3fff0 max_arch_pfn = 0x400000000
[    0.000000] MTRR: Disabled
[    0.000000] x86/PAT: MTRRs disabled, skipping PAT initialization too.
[    0.000000] CPU MTRRs all blank - virtualized system.
[    0.000000] x86/PAT: Configuration [0-7]: WB  WT  UC- UC  WB  WT  UC- UC  
[    0.000000] found SMP MP-table at [mem 0x0009fff0-0x0009ffff] mapped at [ffff88000009fff0]
[    0.000000] Scanning 1 areas for low memory corruption
[    0.000000] RAMDISK: [mem 0x362dc000-0x37165fff]
[    0.000000] ACPI: Early table checksum verification disabled
[    0.000000] ACPI: RSDP 0x00000000000E0000 000024 (v02 VBOX  )
[    0.000000] ACPI: XSDT 0x000000003FFF0030 00003C (v01 VBOX   VBOXXSDT 00000001 ASL  00000061)
[    0.000000] ACPI: FACP 0x000000003FFF00F0 0000F4 (v04 VBOX   VBOXFACP 00000001 ASL  00000061)
[    0.000000] ACPI: DSDT 0x000000003FFF0610 002353 (v02 VBOX   VBOXBIOS 00000002 INTL 20100528)
[    0.000000] ACPI: FACS 0x000000003FFF0200 000040
[    0.000000] ACPI: FACS 0x000000003FFF0200 000040
[    0.000000] ACPI: APIC 0x000000003FFF0240 00005C (v02 VBOX   VBOXAPIC 00000001 ASL  00000061)
[    0.000000] ACPI: SSDT 0x000000003FFF02A0 00036C (v01 VBOX   VBOXCPUT 00000002 INTL 20100528)
[    0.000000] No NUMA configuration found
[    0.000000] Faking a node at [mem 0x0000000000000000-0x000000003ffeffff]
[    0.000000] NODE_DATA(0) allocated [mem 0x3ffeb000-0x3ffeffff]
[    0.000000] kvm-clock: Using msrs 4b564d01 and 4b564d00
[    0.000000] kvm-clock: cpu 0, msr 0:3ffe3001, primary cpu clock
[    0.000000] kvm-clock: using sched offset of 3804837457 cycles
[    0.000000] clocksource: kvm-clock: mask: 0xffffffffffffffff max_cycles: 0x1cd42e4dffb, max_idle_ns: 881590591483 ns
[    0.000000] Zone ranges:
[    0.000000]   DMA      [mem 0x0000000000001000-0x0000000000ffffff]
[    0.000000]   DMA32    [mem 0x0000000001000000-0x000000003ffeffff]
[    0.000000]   Normal   empty
[    0.000000]   Device   empty
[    0.000000] Movable zone start for each node
[    0.000000] Early memory node ranges
[    0.000000]   node   0: [mem 0x0000000000001000-0x000000000009efff]
[    0.000000]   node   0: [mem 0x0000000000100000-0x000000003ffeffff]
[    0.000000] Initmem setup node 0 [mem 0x0000000000001000-0x000000003ffeffff]
[    0.000000] ACPI: PM-Timer IO Port: 0x4008
[    0.000000] IOAPIC[0]: apic_id 2, version 32, address 0xfec00000, GSI 0-23
[    0.000000] ACPI: INT_SRC_OVR (bus 0 bus_irq 0 global_irq 2 dfl dfl)
[    0.000000] ACPI: INT_SRC_OVR (bus 0 bus_irq 9 global_irq 9 low level)
[    0.000000] Using ACPI (MADT) for SMP configuration information
[    0.000000] smpboot: Allowing 2 CPUs, 0 hotplug CPUs
[    0.000000] PM: Registered nosave memory: [mem 0x00000000-0x00000fff]
[    0.000000] PM: Registered nosave memory: [mem 0x0009f000-0x0009ffff]
[    0.000000] PM: Registered nosave memory: [mem 0x000a0000-0x000effff]
[    0.000000] PM: Registered nosave memory: [mem 0x000f0000-0x000fffff]
[    0.000000] e820: [mem 0x40000000-0xfebfffff] available for PCI devices
[    0.000000] Booting paravirtualized kernel on KVM
[    0.000000] clocksource: refined-jiffies: mask: 0xffffffff max_cycles: 0xffffffff, max_idle_ns: 7645519600211568 ns
[    0.000000] setup_percpu: NR_CPUS:512 nr_cpumask_bits:512 nr_cpu_ids:2 nr_node_ids:1
[    0.000000] PERCPU: Embedded 33 pages/cpu @ffff88003fc00000 s95192 r8192 d31784 u1048576
[    0.000000] Built 1 zonelists in Node order, mobility grouping on.  Total pages: 257912
[    0.000000] Policy zone: DMA32
[    0.000000] Kernel command line: BOOT_IMAGE=/boot/vmlinuz-4.4.0-210-generic root=LABEL=cloudimg-rootfs ro console=tty1 console=ttyS0
[    0.000000] PID hash table entries: 4096 (order: 3, 32768 bytes)
[    0.000000] Memory: 997792K/1048120K available (8644K kernel code, 1332K rwdata, 4044K rodata, 1492K init, 1164K bss, 50328K reserved, 0K cma-reserved)
[    0.000000] SLUB: HWalign=64, Order=0-3, MinObjects=0, CPUs=2, Nodes=1
[    0.000000] Kernel/User page tables isolation: enabled
[    0.000000] Hierarchical RCU implementation.
[    0.000000] 	Build-time adjustment of leaf fanout to 64.
[    0.000000] 	RCU restricting CPUs from NR_CPUS=512 to nr_cpu_ids=2.
[    0.000000] RCU: Adjusting geometry for rcu_fanout_leaf=64, nr_cpu_ids=2
[    0.000000] NR_IRQS:33024 nr_irqs:440 16
[    0.000000] Console: colour VGA+ 80x25
[    0.000000] console [tty1] enabled
[    0.000000] console [ttyS0] enabled
[    0.000000] tsc: Detected 2400.000 MHz processor
[    0.417316] Calibrating delay loop (skipped) preset value.. 4800.00 BogoMIPS (lpj=9600000)
[    0.422616] pid_max: default: 32768 minimum: 301
[    0.425378] ACPI: Core revision 20150930
[    0.430440] ACPI: 2 ACPI AML tables successfully acquired and loaded
[    0.434029] Security Framework initialized
[    0.436343] Yama: becoming mindful.
[    0.438566] AppArmor: AppArmor initialized
[    0.441481] Dentry cache hash table entries: 131072 (order: 8, 1048576 bytes)
[    0.449458] Inode-cache hash table entries: 65536 (order: 7, 524288 bytes)
[    0.453610] Mount-cache hash table entries: 2048 (order: 2, 16384 bytes)
[    0.456584] Mountpoint-cache hash table entries: 2048 (order: 2, 16384 bytes)
[    0.459203] Initializing cgroup subsys io
[    0.460645] Initializing cgroup subsys memory
[    0.462533] Initializing cgroup subsys devices
[    0.464519] Initializing cgroup subsys freezer
[    0.466455] Initializing cgroup subsys net_cls
[    0.468020] Initializing cgroup subsys perf_event
[    0.469993] Initializing cgroup subsys net_prio
[    0.472779] Initializing cgroup subsys hugetlb
[    0.480243] Initializing cgroup subsys pids
[    0.483575] mce: CPU supports 0 MCE banks
[    0.485291] Last level iTLB entries: 4KB 64, 2MB 8, 4MB 8
[    0.487263] Last level dTLB entries: 4KB 64, 2MB 0, 4MB 0, 1GB 4
[    0.489615] Spectre V1 : Mitigation: usercopy/swapgs barriers and __user pointer sanitization
[    0.493040] Spectre V2 : Mitigation: Full generic retpoline
[    0.495144] Spectre V2 : Spectre v2 / SpectreRSB mitigation: Filling RSB on context switch
[    0.498536] Speculative Store Bypass: Vulnerable
[    0.500443] SRBDS: Unknown: Dependent on hypervisor status
[    0.502817] MDS: Mitigation: Clear CPU buffers
[    0.508235] Freeing SMP alternatives memory: 36K
[    0.517769] ftrace: allocating 32380 entries in 127 pages
[    0.746763] smpboot: APIC(0) Converting physical 0 to logical package 0
[    0.749285] smpboot: Max logical packages: 1
[    0.751859] x2apic enabled
[    0.753740] Switched APIC routing to physical x2apic.
[    0.758481] ..TIMER: vector=0x30 apic1=0 pin1=2 apic2=-1 pin2=-1
[    0.870301] smpboot: CPU0: Intel(R) Core(TM) i3-7100U CPU @ 2.40GHz (family: 0x6, model: 0x8e, stepping: 0x9)
[    0.873719] Performance Events: unsupported p6 CPU model 142 no PMU driver, software events only.
[    0.892185] KVM setup paravirtual spinlock
[    0.894456] x86: Booting SMP configuration:
[    0.895832] .... node  #0, CPUs:      #1
[    0.897225] kvm-clock: cpu 1, msr 0:3ffe3041, secondary cpu clock
[    0.899909] mce: CPU supports 0 MCE banks
[    0.903607] x86: Booted up 1 node, 2 CPUs
[    0.905392] smpboot: Total of 2 processors activated (9600.00 BogoMIPS)
[    0.908377] devtmpfs: initialized
[    0.913135] evm: security.selinux
[    0.914496] evm: security.SMACK64
[    0.915699] evm: security.SMACK64EXEC
[    0.917081] evm: security.SMACK64TRANSMUTE
[    0.918597] evm: security.SMACK64MMAP
[    0.920037] evm: security.ima
[    0.921293] evm: security.capability
[    0.922726] clocksource: jiffies: mask: 0xffffffff max_cycles: 0xffffffff, max_idle_ns: 7645041785100000 ns
[    0.925589] futex hash table entries: 512 (order: 3, 32768 bytes)
[    0.927441] pinctrl core: initialized pinctrl subsystem
[    0.929323] RTC time: 19:04:45, date: 01/09/23
[    0.930926] NET: Registered protocol family 16
[    0.942782] cpuidle: using governor ladder
[    0.954464] cpuidle: using governor menu
[    0.955843] PCCT header not found.
[    0.957010] ACPI: bus type PCI registered
[    0.958228] acpiphp: ACPI Hot Plug PCI Controller Driver version: 0.5
[    0.960492] PCI: Using configuration type 1 for base access
[    0.974833] ACPI: Added _OSI(Module Device)
[    0.976209] ACPI: Added _OSI(Processor Device)
[    0.977479] ACPI: Added _OSI(3.0 _SCP Extensions)
[    0.978877] ACPI: Added _OSI(Processor Aggregator Device)
[    0.981382] ACPI: Executed 1 blocks of module-level executable AML code
[    0.987136] ACPI: Interpreter enabled
[    0.988453] ACPI: (supports S0 S5)
[    0.989620] ACPI: Using IOAPIC for interrupt routing
[    0.991431] PCI: Using host bridge windows from ACPI; if necessary, use "pci=nocrs" and report a bug
[    1.000679] ACPI: PCI Root Bridge [PCI0] (domain 0000 [bus 00-ff])
[    1.002567] acpi PNP0A03:00: _OSC: OS supports [ASPM ClockPM Segments MSI]
[    1.005048] acpi PNP0A03:00: _OSC: not requesting OS control; OS requires [ExtendedConfig ASPM ClockPM MSI]
[    1.007731] acpi PNP0A03:00: fail to add MMCONFIG information, can't access extended PCI configuration space under this bridge.
[    1.011351] PCI host bridge to bus 0000:00
[    1.012613] pci_bus 0000:00: root bus resource [io  0x0000-0x0cf7 window]
[    1.014491] pci_bus 0000:00: root bus resource [io  0x0d00-0xffff window]
[    1.016411] pci_bus 0000:00: root bus resource [mem 0x000a0000-0x000bffff window]
[    1.018771] pci_bus 0000:00: root bus resource [mem 0x40000000-0xfdffffff window]
[    1.021265] pci_bus 0000:00: root bus resource [bus 00-ff]
[    1.025836] pci 0000:00:01.1: legacy IDE quirk: reg 0x10: [io  0x01f0-0x01f7]
[    1.027914] pci 0000:00:01.1: legacy IDE quirk: reg 0x14: [io  0x03f6]
[    1.030130] pci 0000:00:01.1: legacy IDE quirk: reg 0x18: [io  0x0170-0x0177]
[    1.046565] pci 0000:00:01.1: legacy IDE quirk: reg 0x1c: [io  0x0376]
[    1.068079] pci 0000:00:07.0: quirk: [io  0x4000-0x403f] claimed by PIIX4 ACPI
[    1.070291] pci 0000:00:07.0: quirk: [io  0x4100-0x410f] claimed by PIIX4 SMB
[    1.089227] ACPI: PCI Interrupt Link [LNKA] (IRQs 5 9 10 *11)
[    1.091761] ACPI: PCI Interrupt Link [LNKB] (IRQs 5 9 *10 11)
[    1.093960] ACPI: PCI Interrupt Link [LNKC] (IRQs 5 *9 10 11)
[    1.096399] ACPI: PCI Interrupt Link [LNKD] (IRQs 5 9 10 *11)
[    1.098676] ACPI: Enabled 2 GPEs in block 00 to 07
[    1.122508] vgaarb: setting as boot device: PCI:0000:00:02.0
[    1.124070] vgaarb: device added: PCI:0000:00:02.0,decodes=io+mem,owns=io+mem,locks=none
[    1.126608] vgaarb: loaded
[    1.127931] vgaarb: bridge control possible 0000:00:02.0
[    1.130587] SCSI subsystem initialized
[    1.132470] ACPI: bus type USB registered
[    1.133965] usbcore: registered new interface driver usbfs
[    1.135731] usbcore: registered new interface driver hub
[    1.137608] usbcore: registered new device driver usb
[    1.144298] PCI: Using ACPI for IRQ routing
[    1.146045] NetLabel: Initializing
[    1.146993] NetLabel:  domain hash size = 128
[    1.148151] NetLabel:  protocols = UNLABELED CIPSOv4
[    1.149359] NetLabel:  unlabeled traffic allowed by default
[    1.150987] amd_nb: Cannot enumerate AMD northbridges
[    1.152303] clocksource: Switched to clocksource kvm-clock
[    1.169218] AppArmor: AppArmor Filesystem Enabled
[    1.170851] pnp: PnP ACPI init
[    1.173266] pnp: PnP ACPI: found 3 devices
[    1.185117] clocksource: acpi_pm: mask: 0xffffff max_cycles: 0xffffff, max_idle_ns: 2085701024 ns
[    1.187586] NET: Registered protocol family 2
[    1.188971] TCP established hash table entries: 8192 (order: 4, 65536 bytes)
[    1.190781] TCP bind hash table entries: 8192 (order: 5, 131072 bytes)
[    1.192353] TCP: Hash tables configured (established 8192 bind 8192)
[    1.194045] UDP hash table entries: 512 (order: 2, 16384 bytes)
[    1.195693] UDP-Lite hash table entries: 512 (order: 2, 16384 bytes)
[    1.197379] NET: Registered protocol family 1
[    1.198554] pci 0000:00:00.0: Limiting direct PCI/PCI transfers
[    1.199950] pci 0000:00:01.0: Activating ISA DMA hang workarounds
[    1.201768] Unpacking initramfs...
[    1.591447] Freeing initrd memory: 14888K
[    1.593122] clocksource: tsc: mask: 0xffffffffffffffff max_cycles: 0x22983777dd9, max_idle_ns: 440795300422 ns
[    1.596431] platform rtc_cmos: registered platform RTC device (no PNP device found)
[    1.599283] Scanning for low memory corruption every 60 seconds
[    1.601673] audit: initializing netlink subsys (disabled)
[    1.603385] audit: type=2000 audit(1673291090.707:1): initialized
[    1.605745] Initialise system trusted keyring
[    1.607856] HugeTLB registered 2 MB page size, pre-allocated 0 pages
[    1.613872] zbud: loaded
[    1.616750] VFS: Disk quotas dquot_6.6.0
[    1.619369] VFS: Dquot-cache hash table entries: 512 (order 0, 4096 bytes)
[    1.623307] squashfs: version 4.0 (2009/01/31) Phillip Lougher
[    1.627678] fuse init (API version 7.23)
[    1.629692] Key type big_key registered
[    1.631178] Allocating IMA MOK and blacklist keyrings.
[    1.634743] Key type asymmetric registered
[    1.636132] Asymmetric key parser 'x509' registered
[    1.639310] Block layer SCSI generic (bsg) driver version 0.4 loaded (major 249)
[    1.643351] io scheduler noop registered
[    1.645316] io scheduler deadline registered (default)
[    1.647225] io scheduler cfq registered
[    1.649024] pci_hotplug: PCI Hot Plug PCI Core version: 0.5
[    1.651098] pciehp: PCI Express Hot Plug Controller Driver version: 0.4
[    1.654544] ACPI: AC Adapter [AC] (on-line)
[    1.656737] input: Power Button as /devices/LNXSYSTM:00/LNXPWRBN:00/input/input0
[    1.660786] ACPI: Power Button [PWRF]
[    1.663495] input: Sleep Button as /devices/LNXSYSTM:00/LNXSLPBN:00/input/input1
[    1.667627] ACPI: Sleep Button [SLPF]
[    1.670165] GHES: HEST is not enabled!
[    1.671241] ACPI: Battery Slot [BAT0] (battery present)
[    1.674051] Serial: 8250/16550 driver, 32 ports, IRQ sharing enabled
[    1.697192] 00:02: ttyS0 at I/O 0x3f8 (irq = 4, base_baud = 115200) is a 16550A
[    1.703550] Linux agpgart interface v0.103
[    1.707236] loop: module loaded
[    1.709092] scsi host0: ata_piix
[    1.710409] scsi host1: ata_piix
[    1.711419] ata1: PATA max UDMA/33 cmd 0x1f0 ctl 0x3f6 bmdma 0xd000 irq 14
[    1.713435] ata2: PATA max UDMA/33 cmd 0x170 ctl 0x376 bmdma 0xd008 irq 15
[    1.715923] libphy: Fixed MDIO Bus: probed
[    1.717167] tun: Universal TUN/TAP device driver, 1.6
[    1.718565] tun: (C) 1999-2004 Max Krasnyansky <maxk@qualcomm.com>
[    1.720379] PPP generic driver version 2.4.2
[    1.722178] ehci_hcd: USB 2.0 'Enhanced' Host Controller (EHCI) Driver
[    1.724322] ehci-pci: EHCI PCI platform driver
[    1.725736] ehci-platform: EHCI generic platform driver
[    1.727380] ohci_hcd: USB 1.1 'Open' Host Controller (OHCI) Driver
[    1.729510] ohci-pci: OHCI PCI platform driver
[    1.730977] ohci-platform: OHCI generic platform driver
[    1.732495] uhci_hcd: USB Universal Host Controller Interface driver
[    1.734519] i8042: PNP: PS/2 Controller [PNP0303:PS2K,PNP0f03:PS2M] at 0x60,0x64 irq 1,12
[    1.737493] serio: i8042 KBD port at 0x60,0x64 irq 1
[    1.739014] serio: i8042 AUX port at 0x60,0x64 irq 12
[    1.740903] mousedev: PS/2 mouse device common for all mice
[    1.742769] input: AT Translated Set 2 keyboard as /devices/platform/i8042/serio0/input/input2
[    1.746109] rtc_cmos rtc_cmos: rtc core: registered rtc_cmos as rtc0
[    1.747657] rtc_cmos rtc_cmos: alarms up to one day, 114 bytes nvram
[    1.749477] i2c /dev entries driver
[    1.750542] device-mapper: uevent: version 1.0.3
[    1.752237] device-mapper: ioctl: 4.34.0-ioctl (2015-10-28) initialised: dm-devel@redhat.com
[    1.755064] ledtrig-cpu: registered to indicate activity on CPUs
[    1.757282] NET: Registered protocol family 10
[    1.758939] NET: Registered protocol family 17
[    1.760832] Key type dns_resolver registered
[    1.762625] registered taskstats version 1
[    1.763742] Loading compiled-in X.509 certificates
[    1.765703] Loaded X.509 cert 'Build time autogenerated kernel key: cf00e047681d67edb2720680708b7d9498083038'
[    1.768174] zswap: loaded using pool lzo/zbud
[    1.771647] Key type trusted registered
[    1.776665] Key type encrypted registered
[    1.778161] AppArmor: AppArmor sha1 policy hashing enabled
[    1.779906] ima: No TPM chip found, activating TPM-bypass!
[    1.781438] ima: Allocated hash algorithm: sha1
[    1.783322] evm: HMAC attrs: 0x1
[    1.785085]   Magic number: 7:174:91
[    1.786238] rtc_cmos rtc_cmos: setting system clock to 2023-01-09 19:04:46 UTC (1673291086)
[    1.788658] BIOS EDD facility v0.16 2004-Jun-25, 0 devices found
[    1.790105] EDD information not available.
[    1.894237] Freeing unused kernel memory: 1492K
[    1.895974] Write protecting the kernel read-only data: 14336k
[    1.898479] Freeing unused kernel memory: 1584K
[    1.899923] Freeing unused kernel memory: 52K
Loading, please wait...
starting version 229
[    1.918931] random: systemd-udevd: uninitialized urandom read (16 bytes read, 5 bits of entropy available)
[    1.920378] random: udevadm: uninitialized urandom read (16 bytes read, 5 bits of entropy available)
[    1.920424] random: udevadm: uninitialized urandom read (16 bytes read, 5 bits of entropy available)
[    1.929254] random: systemd-udevd: uninitialized urandom read (16 bytes read, 5 bits of entropy available)
[    1.933587] random: systemd-udevd: uninitialized urandom read (16 bytes read, 5 bits of entropy available)
[    1.938114] random: udevadm: uninitialized urandom read (16 bytes read, 5 bits of entropy available)
[    1.938156] random: systemd-udevd: uninitialized urandom read (16 bytes read, 5 bits of entropy available)
[    1.939815] random: systemd-udevd: uninitialized urandom read (16 bytes read, 5 bits of entropy available)
[    1.939848] random: systemd-udevd: uninitialized urandom read (16 bytes read, 5 bits of entropy available)
[    1.939864] random: systemd-udevd: uninitialized urandom read (16 bytes read, 5 bits of entropy available)
[    2.042580] Fusion MPT base driver 3.04.20
[    2.043859] Copyright (c) 1999-2008 LSI Corporation
[    2.046983] e1000: Intel(R) PRO/1000 Network Driver - version 7.3.21-k8-NAPI
[    2.049284] e1000: Copyright (c) 1999-2006 Intel Corporation.
[    2.068287] AVX2 version of gcm_enc/dec engaged.
[    2.070374] AES CTR mode by8 optimization enabled
[    2.081569] Fusion MPT SPI Host driver 3.04.20
[    2.280821] input: ImExPS/2 Generic Explorer Mouse as /devices/platform/i8042/serio1/input/input4
[    2.621047] e1000 0000:00:03.0 eth0: (PCI:33MHz:32-bit) 02:be:82:6b:cc:1d
[    2.625665] e1000 0000:00:03.0 eth0: Intel(R) PRO/1000 Network Connection
[    3.206655] e1000 0000:00:08.0 eth1: (PCI:33MHz:32-bit) 08:00:27:f2:f8:4c
[    3.208308] e1000 0000:00:08.0 eth1: Intel(R) PRO/1000 Network Connection
[    3.210816] mptbase: ioc0: Initiating bringup
[    3.211615] e1000 0000:00:03.0 enp0s3: renamed from eth0
[    3.230140] e1000 0000:00:08.0 enp0s8: renamed from eth1
[    3.293287] ioc0: LSI53C1030 A0: Capabilities={Initiator}
[    3.459360] scsi host2: ioc0: LSI53C1030 A0, FwRev=00000000h, Ports=1, MaxQ=256, IRQ=20
[    3.577354] scsi 2:0:0:0: Direct-Access     VBOX     HARDDISK         1.0  PQ: 0 ANSI: 5
[    3.579998] scsi target2:0:0: Beginning Domain Validation
[    3.582843] scsi target2:0:0: Domain Validation skipping write tests
[    3.584520] scsi target2:0:0: Ending Domain Validation
[    3.587096] scsi target2:0:0: asynchronous
[    3.589493] scsi 2:0:1:0: Direct-Access     VBOX     HARDDISK         1.0  PQ: 0 ANSI: 5
[    3.607535] scsi target2:0:1: Beginning Domain Validation
[    3.610147] scsi target2:0:1: Domain Validation skipping write tests
[    3.612079] scsi target2:0:1: Ending Domain Validation
[    3.613860] scsi target2:0:1: asynchronous
[    3.622437] sd 2:0:0:0: [sda] 83886080 512-byte logical blocks: (42.9 GB/40.0 GiB)
[    3.622757] sd 2:0:0:0: Attached scsi generic sg0 type 0
[    3.626337] sd 2:0:0:0: [sda] Write Protect is off
[    3.626993] sd 2:0:1:0: [sdb] 20480 512-byte logical blocks: (10.5 MB/10.0 MiB)
[    3.627188] sd 2:0:1:0: [sdb] Write Protect is off
[    3.627306] sd 2:0:1:0: [sdb] Incomplete mode parameter data
[    3.627308] sd 2:0:1:0: [sdb] Assuming drive cache: write through
[    3.632577] sd 2:0:1:0: Attached scsi generic sg1 type 0
[    3.635706] sd 2:0:1:0: [sdb] Attached SCSI disk
[    3.639770] sd 2:0:0:0: [sda] Incomplete mode parameter data
[    3.641246] sd 2:0:0:0: [sda] Assuming drive cache: write through
[    3.644354]  sda: sda1
[    3.646670] sd 2:0:0:0: [sda] Attached SCSI disk
Begin: Loading essential drivers ... [    5.209551] md: linear personality registered for level -1
[    5.220489] md: multipath personality registered for level -4
[    5.230026] md: raid0 personality registered for level 0
[    5.247069] md: raid1 personality registered for level 1
[    5.328427] raid6: sse2x1   gen()  5331 MB/s
[    5.396348] raid6: sse2x1   xor()  4718 MB/s
[    5.464351] raid6: sse2x2   gen()  8617 MB/s
[    5.612437] raid6: sse2x2   xor()  1439 MB/s
[    5.680798] raid6: sse2x4   gen()  4296 MB/s
[    5.768716] raid6: sse2x4   xor()  2461 MB/s
[    5.842456] raid6: avx2x1   gen()  5837 MB/s
[    5.916561] raid6: avx2x2   gen()  4851 MB/s
[    5.988362] raid6: avx2x4   gen()  7684 MB/s
[    5.993213] raid6: using algorithm sse2x2 gen() 8617 MB/s
[    6.001520] raid6: .... xor() 1439 MB/s, rmw enabled
[    6.008963] raid6: using avx2x2 recovery algorithm
[    6.019794] xor: automatically using best checksumming function:
[    6.060461]    avx       : 13174.000 MB/sec
[    6.065926] async_tx: api initialized (async)
[    6.083118] md: raid6 personality registered for level 6
[    6.084864] md: raid5 personality registered for level 5
[    6.086486] md: raid4 personality registered for level 4
[    6.097065] md: raid10 personality registered for level 10
done.
Begin: Running /scripts/init-premount ... done.
Begin: Mounting root file system ... Begin: Running /scripts/local-top ... done.
Begin: Running /scripts/local-premount ... [    6.140812] Btrfs loaded
Scanning for Btrfs filesystems
done.
Warning: fsck not present, so skipping root file system
[    6.186052] EXT4-fs (sda1): mounted filesystem with ordered data mode. Opts: (null)
done.
Begin: Running /scripts/local-bottom ... done.
Begin: Running /scripts/init-bottom ... done.
[    6.341401] systemd[1]: systemd 229 running in system mode. (+PAM +AUDIT +SELINUX +IMA +APPARMOR +SMACK +SYSVINIT +UTMP +LIBCRYPTSETUP +GCRYPT +GNUTLS +ACL +XZ -LZ4 +SECCOMP +BLKID +ELFUTILS +KMOD -IDN)
[    6.351371] systemd[1]: Detected virtualization oracle.
[    6.354802] systemd[1]: Detected architecture x86-64.

Welcome to [1mUbuntu 16.04.7 LTS[0m!

[    6.363242] systemd[1]: Set hostname to <ubuntu>.
[    6.369515] systemd[1]: Initializing machine ID from random generator.
[    6.372347] systemd[1]: Installed transient /etc/machine-id file.
[    6.589916] systemd[1]: Reached target User and Group Name Lookups.
[[0;32m  OK  [0m] Reached target User and Group Name Lookups.
[    6.593158] systemd[1]: Listening on Device-mapper event daemon FIFOs.
[[0;32m  OK  [0m] Listening on Device-mapper event daemon FIFOs.
[    6.596549] systemd[1]: Reached target System Time Synchronized.
[[0;32m  OK  [0m] Reached target System Time Synchronized.
[    6.604784] systemd[1]: Listening on Journal Audit Socket.
[[0;32m  OK  [0m] Listening on Journal Audit Socket.
[    6.607231] systemd[1]: Listening on udev Kernel Socket.
[[0;32m  OK  [0m] Listening on udev Kernel Socket.
[    6.610188] systemd[1]: Created slice User and Session Slice.
[[0;32m  OK  [0m] Created slice User and Session Slice.
[    6.613356] systemd[1]: Listening on Syslog Socket.
[[0;32m  OK  [0m] Listening on Syslog Socket.
[    6.621476] systemd[1]: Set up automount Arbitrary Executable File Formats File System Automount Point.
[[0;32m  OK  [0m] Set up automount Arbitrary Executab...ats File System Automount Point.
[    6.626410] systemd[1]: Created slice System Slice.
[[0;32m  OK  [0m] Created slice System Slice.
[    6.629191] systemd[1]: Created slice system-serial\x2dgetty.slice.
[[0;32m  OK  [0m] Created slice system-serial\x2dgetty.slice.
[    6.631903] systemd[1]: Reached target Encrypted Volumes.
[[0;32m  OK  [0m] Reached target Encrypted Volumes.
[    6.635088] systemd[1]: Started Trigger resolvconf update for networkd DNS.
[[0;32m  OK  [0m] Started Trigger resolvconf update for networkd DNS.
[    6.639182] systemd[1]: Listening on fsck to fsckd communication Socket.
[[0;32m  OK  [0m] Listening on fsck to fsckd communication Socket.
[    6.643230] systemd[1]: Listening on LVM2 metadata daemon socket.
[[0;32m  OK  [0m] Listening on LVM2 metadata daemon socket.
[    6.652722] systemd[1]: Reached target Swap.
[[0;32m  OK  [0m] Reached target Swap.
[    6.656142] systemd[1]: Listening on LVM2 poll daemon socket.
[[0;32m  OK  [0m] Listening on LVM2 poll daemon socket.
[    6.659878] systemd[1]: Reached target Slices.
[[0;32m  OK  [0m] Reached target Slices.
[    6.663304] systemd[1]: Listening on Journal Socket.
[[0;32m  OK  [0m] Listening on Journal Socket.
[    6.677068] systemd[1]: Starting Create list of required static device nodes for the current kernel...
         Starting Create list of required st... nodes for the current kernel...
[    6.690601] systemd[1]: Starting Nameserver information manager...
         Starting Nameserver information manager...
[    6.697871] systemd[1]: Starting Set console keymap...
         Starting Set console keymap...
[    6.704923] systemd[1]: Mounting POSIX Message Queue File System...
         Mounting POSIX Message Queue File System...
[    6.719443] systemd[1]: Mounting Debug File System...
         Mounting Debug File System...
[    6.727996] systemd[1]: Mounting Huge Pages File System...
         Mounting Huge Pages File System...
[    6.737878] systemd[1]: Starting Uncomplicated firewall...
         Starting Uncomplicated firewall...
[    6.749521] systemd[1]: Starting Monitoring of LVM2 mirrors, snapshots etc. using dmeventd or progress polling...
         Starting Monitoring of LVM2 mirrors... dmeventd or progress polling...
[    6.755798] systemd[1]: Listening on /dev/initctl Compatibility Named Pipe.
[[0;32m  OK  [0m] Listening on /dev/initctl Compatibility Named Pipe.
[    6.760504] systemd[1]: Listening on Journal Socket (/dev/log).
[[0;32m  OK  [0m] Listening on Journal Socket (/dev/log).
[    6.766395] systemd[1]: Starting Journal Service...
         Starting Journal Service...
[    6.775858] systemd[1]: Starting Load Kernel Modules...
         Starting Load Kernel Modules...
[    6.784694] systemd[1]: Starting File System Check on Root Device...
         Starting File System Check on Root Device...
[    6.793515] systemd[1]: Started Forward Password Requests to Wall Directory Watch.
[[0;32m  OK  [0m] Started Forward Password Requests to Wall Directory Watch.
[    6.801185] systemd[1]: Listening on udev Control Socket.
[[0;32m  OK  [0m] Listening on udev Control Socket.
[    6.807672] Loading iSCSI transport class v2.0-870.
[    6.808970] systemd[1]: Mounted Huge Pages File System.
[[0;32m  OK  [0m] Mounted Huge Pages File System.
[    6.815734] systemd[1]: Mounted POSIX Message Queue File System.
[[0;32m  OK  [0m] Mounted POSIX Message Queue File System.
[    6.822305] systemd[1]: Mounted Debug File System.
[[0;32m  OK  [0m] Mounted Debug File System.
[    6.842235] systemd[1]: Started Create list of required static device nodes for the current kernel.
[[0;32m  OK  [0m] Started Create list of required sta...ce nodes for the current kernel.
[    6.867845] iscsi: registered transport (tcp)
[    6.885842] systemd[1]: Started Set console keymap.
[[0;32m  OK  [0m] Started Set console keymap.
[    6.892496] systemd[1]: Started Uncomplicated firewall.
[[0;32m  OK  [0m] Started Uncomplicated firewall.
[    6.909894] systemd[1]: Started File System Check on Root Device.
[[0;32m  OK  [0m] Started File System Check on Root Device.
[    6.934752] iscsi: registered transport (iser)
[    6.936675] systemd[1]: Started Nameserver information manager.
[[0;32m  OK  [0m] Started Nameserver information manager.
[    6.946110] systemd[1]: Started Load Kernel Modules.
[[0;32m  OK  [0m] Started Load Kernel Modules.
[    6.951637] systemd[1]: Started Journal Service.
[[0;32m  OK  [0m] Started Journal Service.
[[    6.973128] random: nonblocking pool is initialized
[0;32m  OK  [0m] Started LVM2 metadata daemon.
[[0;32m  OK  [0m] Started File System Check Daemon to report status.
         Mounting FUSE Control File System...
         Starting Apply Kernel Variables...
         Starting Remount Root and Kernel File Systems...
         Starting Create Static Device Nodes in /dev...
[[0;32m  OK  [0m] Mounted FUSE Control File System.
[    7.004649] EXT4-fs (sda1): re-mounted. Opts: (null)
[[0;32m  OK  [0m] Started Apply Kernel Variables.
[[0;32m  OK  [0m] Started Remount Root and Kernel File Systems.
         Starting Load/Save Random Seed...
         Starting udev Coldplug all Devices...
         Starting Flush Journal to Persistent Storage...
[[0;32m  OK  [0m] Started Create Static Device Nodes in /dev.
[[0;32m  OK  [0m] Started Load/Save Random Seed.
         Starting udev Kernel Device Manager...
[[0;32m  OK  [0m] Started Flush Journal to Persistent Storage.
[[0;32m  OK  [0m] Started udev Kernel Device Manager.
[[0;32m  OK  [0m] Started udev Coldplug all Devices.
[[0;32m  OK  [0m] Started Dispatch Password Requests to Console Directory Watch.
[[0;32m  OK  [0m] Found device /dev/ttyS0.
[[0;32m  OK  [0m] Started Monitoring of LVM2 mirrors,...ng dmeventd or progress polling.
[[0;32m  OK  [0m] Reached target Local File Systems (Pre).
[[0;32m  OK  [0m] Reached target Local File Systems.
         Starting Commit a transient machine-id on disk...
         Starting Tell Plymouth To Write Out Runtime Data...
         Starting Set console font and keymap...
         Starting Create Volatile Files and Directories...
         Starting Initial cloud-init job (pre-networking)...
         Starting LSB: AppArmor initialization...
[[0;32m  OK  [0m] Started Tell Plymouth To Write Out Runtime Data.
[[0;32m  OK  [0m] Started Commit a transient machine-id on disk.
[[0;32m  OK  [0m] Started Create Volatile Files and Directories.
         Starting Update UTMP about System Boot/Shutdown...
[[0;32m  OK  [0m] Started Update UTMP about System Boot/Shutdown.
[[0;32m  OK  [0m] Listening on Load/Save RF Kill Switch Status /dev/rfkill Watch.
[[0;32m  OK  [0m] Started LSB: AppArmor initialization.
         Starting Load AppArmor profiles managed internally by snapd...
[    9.347701] cloud-init[526]: Cloud-init v. 21.1-19-gbad84ad4-0ubuntu1~16.04.2 running 'init-local' at Mon, 09 Jan 2023 19:04:53 +0000. Up 8.54 seconds.
[[0;32m  OK  [0m] Started Load AppArmor profiles managed internally by snapd.
[[0;32m  OK  [0m] Started Initial cloud-init job (pre-networking).
[[0;32m  OK  [0m] Reached target Network (Pre).
         Starting Raise network interfaces...
[[0;32m  OK  [0m] Started Set console font and keymap.
[[0;32m  OK  [0m] Created slice system-getty.slice.
[[0;32m  OK  [0m] Started Raise network interfaces.
         Starting Initial cloud-init job (metadata service crawler)...
[[0;32m  OK  [0m] Reached target Network.
[   11.590294] cloud-init[958]: Cloud-init v. 21.1-19-gbad84ad4-0ubuntu1~16.04.2 running 'init' at Mon, 09 Jan 2023 19:04:55 +0000. Up 10.55 seconds.
[   11.593698] cloud-init[958]: ci-info: ++++++++++++++++++++++++++++++++++++++Net device info+++++++++++++++++++++++++++++++++++++++
[   11.597438] cloud-init[958]: ci-info: +--------+-------+----------------------------+---------------+--------+-------------------+
[   11.600588] cloud-init[958]: ci-info: | Device |   Up  |          Address           |      Mask     | Scope  |     Hw-Address    |
[   11.603467] cloud-init[958]: ci-info: +--------+-------+----------------------------+---------------+--------+-------------------+
[   11.606117] cloud-init[958]: ci-info: | enp0s3 |  True |         10.0.2.15          | 255.255.255.0 | global | 02:be:82:6b:cc:1d |
[   11.609379] cloud-init[958]: ci-info: | enp0s3 |  True | fe80::be:82ff:fe6b:cc1d/64 |       .       |  link  | 02:be:82:6b:cc:1d |
[   11.613371] cloud-init[958]: ci-info: | enp0s8 | False |             .              |       .       |   .    | 08:00:27:f2:f8:4c |
[   11.616851] cloud-init[958]: ci-info: |   lo   |  True |         127.0.0.1          |   255.0.0.0   |  host  |         .         |
[   11.620430] cloud-init[958]: ci-info: |   lo   |  True |          ::1/128           |       .       |  host  |         .         |
[   11.625844] cloud-init[958]: ci-info: +--------+-------+----------------------------+---------------+--------+-------------------+
[   11.630400] cloud-init[958]: ci-info: +++++++++++++++++++++++++++Route IPv4 info++++++++++++++++++++++++++++
[   11.633410] cloud-init[958]: ci-info: +-------+-------------+----------+---------------+-----------+-------+
[   11.635414] cloud-init[958]: ci-info: | Route | Destination | Gateway  |    Genmask    | Interface | Flags |
[   11.638741] cloud-init[958]: ci-info: +-------+-------------+----------+---------------+-----------+-------+
[   11.654110] cloud-init[958]: ci-info: |   0   |   0.0.0.0   | 10.0.2.2 |    0.0.0.0    |   enp0s3  |   UG  |
[   11.658910] cloud-init[958]: ci-info: |   1   |   10.0.2.0  | 0.0.0.0  | 255.255.255.0 |   enp0s3  |   U   |
[   11.663778] cloud-init[958]: ci-info: +-------+-------------+----------+---------------+-----------+-------+
[   11.672157] cloud-init[958]: ci-info: +++++++++++++++++++Route IPv6 info+++++++++++++++++++
[   11.678908] cloud-init[958]: ci-info: +-------+-------------+---------+-----------+-------+
[   11.683457] cloud-init[958]: ci-info: | Route | Destination | Gateway | Interface | Flags |[[0;32m  OK  [0m] Started Initial cloud-init job (metadata service crawler).
[[0;32m  OK  [0m] Reached target Network is Online.

[   11.695329] cloud-init[958]: ci-info: +-------+-------------+---------+-----------+-------+
[   11.699538]          Starting iSCSI initiator daemon (iscsid)...
[[0;32m  OK  [0m] Reached target System Initialization.cloud-init[958]: ci-info: |   0   |  fe80::/64  |    ::   |   enp0s3  |   U   |

[[0;32m  OK  [0m] Started Daily Cleanup of Temporary Directories.
[[0;32m  OK  [0m] Listening on UUID daemon activation socket.
[   11.714668] cloud-init[958]: ci-info: |   3   |   ff00::/8  |    ::   |   enp0s3  |   U   |[[0;32m  OK  [0m] Started ACPI Events Check.
[[0;32m  OK  [0m] Reached target Paths.

[   11.717636] cloud-init[958]: ci-info: +-------+-------------+---------+-----------+-------+
[[0;32m  OK  [0m] Started Daily apt download activities.
[   11.720248]          Starting Socket activation for snappy daemon.
[[0;32m  OK  [0m] Listening on D-Bus System Message Bus Socket.
[[0;32m  OK  [0m] Listening on ACPID Listen Socket.
[[0;32m  OK  [0m] Started Ubuntu Advantage update messaging.
cloud-init[958]: Generating public/private rsa key pair.
[   11.729907]          cloud-initStarting LXD - unix socket.[958]: 
Your identification has been saved in /etc/ssh/ssh_host_rsa_key.
[   11.731393] [[0;32m  OK  [0m] Started Daily apt upgrade and clean activities.
[[0;32m  OK  [0m] Started Message of the Day.
[[0;32m  OK  [0m] Reached target Timers.
[[0;32m  OK  [0m] Reached target Cloud-config availability.
[[0;32m  OK  [0m] Listening on Socket activation for snappy daemon.
[[0;32m  OK  [0m] Listening on LXD - unix socket.
cloud-init[958]: Your public key has been saved in /etc/ssh/ssh_host_rsa_key.pub.
[   11.742937] [[0;32m  OK  [0m] Reached target Sockets.
[[0;32m  OK  [0m] Reached target Basic System.
cloud-init[958]: The key fingerprint is:
[   11.748033] cloud-init[958]: SHA256:d7RmkdHAKOfAVABy8ZmOfR9NiG1O1WgFwW+XihgG+Ok root@ubuntu-xenial
[   11.750360] cloud-init[958]: The key's randomart image is:
[   11.756528] cloud-init[958]: +---[RSA 2048]----+
[   11.764576]          Starting LSB: MD monitoring daemon...
cloud-init[[0;32m  OK  [0m] Started FUSE filesystem for LXC.
[958]: |    . ==oo.oo++*.|
         Starting Pollinate to seed the pseudo random number generator...
[   11.772196] cloud-init[958]: |     + o+ooo.== .|         Starting Login Service...

         Starting System Logging Service...
[[0;32m  OK  [0m] Started ACPI event daemon.
         Starting Virtualbox guest utils...
[[0;32m  OK  [0m] Started Deferred execution scheduler.
[[0;32m  OK  [0m] Started D-Bus System Message Bus.
[   11.794638] cloud-init[958]: |      . *=. O....|
[   11.805385] cloud-init[958]: |       * o.= = .+|
[   11.815681] cloud-init[958]: |      o S = O o..|
[   11.818070] cloud-init[958]: |       E + * o   |
[   11.821671] cloud-init[958]: |            .    |
[   11.824597] cloud-init[958]: |                 |
[   11.826670] cloud-init[958]: |                 |
[   11.831218] cloud-init[958]: +----[SHA256]-----+
[   11.833561] cloud-init[958]: Generating public/private dsa key pair.
[   11.836296] cloud-init[958]: Your identification has been saved in /etc/ssh/ssh_host_dsa_key.
[   11.838188] cloud-init[958]: Your public key has been saved in /etc/ssh/ssh_host_dsa_key.pub.
[   11.841605] cloud-init[958]: The key fingerprint is:
[   11.845519] cloud-init[958]: SHA256:QE2fs8SwOQDNKkZToyg+AijI9fWKCe2h7hPpENAkNcY root@ubuntu-xenial
[   11.850149] cloud-init[958]: The key's randomart image is:
[   11.853007] cloud-init[958]: +---[DSA 1024]----+
[   11.854403] cloud-init[958]: |.==o++o+o        |
[   11.855729] cloud-init[958]: |=+Eooo+.o* .     |
[   11.857400] cloud-init[958]: |Oo.o =. +.*      |
[   11.859567] cloud-init[958]: |=.o = +..o o     |
[   11.863489] cloud-init[958]: |.+.o.+ .S .      |
[   11.865096] cloud-init[958]: |..oo             |
[   11.866879] cloud-init[958]: |  o..            |
[   11.868711] cloud-init[958]: |  .o             |
[   11.871326] cloud-init[958]: |   ..            |
[   11.881656] cloud-init[958]: +----[SHA256]-----+
[   11.884733] cloud-init[958]: Generating public/private ecdsa key pair.
[   11.887637] cloud-init[958]: Your identification has been saved in /etc/ssh/ssh_host_ecdsa_key.
[   11.899567] cloud-init[958]: Your public key has been saved in /etc/ssh/ssh_host_ecdsa_key.pub.
[   11.907247] cloud-init[958]: The key fingerprint is:
[   11.913714] cloud-init[958]: SHA256:/02u0EmaRnuNN/cLWeqkp8Fom24JAt9fWtd1dO8HPy0 root@ubuntu-xenial
[   11.916430] cloud-init[958]: The key's randomart image is:
[   11.917895] cloud-init[958]: +---[ECDSA 256]---+
[   11.919050] cloud-init[958]: |                 |
[   11.920275] cloud-init[958]: |                o|
[   11.921778] cloud-init[958]: |               .o|
[   11.923558] cloud-init[958]: |   .          . +|
[   11.924901] cloud-init[958]: |    o . S . . .=+|
[   11.932903]          Starting Snap Daemon...
cloud-init[958]: |     o o ooO =Eo=|
[   11.937754]          Starting LSB: Record successful boot for GRUB...
cloud-init[958]: |      . oo%o*==.+|
         Starting /etc/rc.local Compatibility...
[[0;32m  OK  [0m] Started Regular background program processing daemon.
         Starting Accounts Service...
[   11.948470] cloud-init[958]: |        .*o+=*.o.|
         Starting LXD - container startup/shutdown...
[[0;32m  OK  [0m] Started System Logging Service.
[   11.963795] cloud-init[958]: |        o+ o=oo.o|
[   11.972569] cloud-init[958]: +----[SHA256]-----+
[   11.974325] cloud-init[958]: Generating public/private ed25519 key pair.
[   11.975056] cloud-init[958]: Your identification has been saved in /etc/ssh/ssh_host_ed25519_key.
[   11.975292] cloud-init[958]: Your public key has been saved in /etc/ssh/ssh_host_ed25519_key.pub.
[   11.975667] cloud-init[958]: The key fingerprint is:
[   11.977204] cloud-init[958]: SHA256:1zEXiWQId7ob2aYn7/UF8cccFSPyzGprE1crJtaFZNk root@ubuntu-xenial
[   11.977327] cloud-init[958]: The key's randomart image is:
[   11.977425] cloud-init[958]: +--[ED25519 256]--+
[   11.978207] cloud-init[958]: |        ...++=++o|
[   11.979212] cloud-init[958]: |         ..+O.+Eo|
[   11.981509] cloud-init[958]: |          . o=o+ |
[   11.982519] cloud-init[958]: |           =o+o=o|
[   11.983117] cloud-init[958]: |        S =*+=..=|
[   11.984932] cloud-init[958]: |         .o=* ...|
[   11.985565] cloud-init[958]: |          ++. . .|
[   11.985806] cloud-init[958]: |          .+.. ..|
[   11.985884] cloud-init[958]: |           .o   .|
[   11.986031] cloud-init[958]: +----[SHA256]-----+
[[0;32m  OK  [0m] Started /etc/rc.local Compatibility.
[[0;32m  OK  [0m] Started iSCSI initiator daemon (iscsid).
         Starting Login to default iSCSI targets...
[[0;32m  OK  [0m] Started Login Service.
[[0;32m  OK  [0m] Started Unattended Upgrades Shutdown.
[[0;32m  OK  [0m] Started LSB: MD monitoring daemon.
[[0;32m  OK  [0m] Started Login to default iSCSI targets.
[[0;32m  OK  [0m] Started LSB: Record successful boot for GRUB.
[[0;32m  OK  [0m] Reached target Remote File Systems (Pre).
[[0;32m  OK  [0m] Reached target Remote File Systems.
         Starting Permit User Sessions...
         Starting LSB: Set the CPU Frequency Scaling governor to "ondemand"...
         Starting LSB: automatic crash report generation...
         Starting LSB: daemon to balance interrupts for SMP systems...
         Starting Authenticate and Authorize Users to Run Privileged Tasks...
[[0;32m  OK  [0m] Started Permit User Sessions.
         Starting Hold until boot process finishes up...
         Starting Terminate Plymouth Boot Screen...
[[0;32m  OK  [0m] Started Hold until boot process finishes up.
[[0;32m  OK  [0m] Started Terminate Plymouth Boot Screen.
[[0;32m  OK  [0m] Started Getty on tty1.
         Starting Set console scheme...
[[0;32m  OK  [0m] Started Serial Getty on ttyS0.
[[0;32m  OK  [0m] Reached target Login Prompts.
[[0;32m  OK  [0m] Started Virtualbox guest utils.
[[0;32m  OK  [0m] Started Set console scheme.
[[0;32m  OK  [0m] Started Authenticate and Authorize Users to Run Privileged Tasks.
[[0;32m  OK  [0m] Started Accounts Service.
[[0;32m  OK  [0m] Started LSB: Set the CPU Frequency Scaling governor to "ondemand".
[[0;32m  OK  [0m] Started LXD - container startup/shutdown.
[[0;32m  OK  [0m] Started LSB: daemon to balance interrupts for SMP systems.
[[0;32m  OK  [0m] Started LSB: automatic crash report generation.
[[0;32m  OK  [0m] Started Snap Daemon.
         Starting Wait until snapd is fully seeded...
[[0;32m  OK  [0m] Started Wait until snapd is fully seeded.
         Starting Apply the settings specified in cloud-config...
[   16.296354] cloud-init[1287]: Generating locales (this might take a while)...
[   17.944929] cloud-init[1287]:   en_US.UTF-8... done
[   17.947227] cloud-init[1287]: Generation complete.

Ubuntu 16.04.7 LTS ubuntu-xenial ttyS0

ubuntu-xenial login: [   18.717986] cloud-init[1287]: Cloud-init v. 21.1-19-gbad84ad4-0ubuntu1~16.04.2 running 'modules:config' at Mon, 09 Jan 2023 19:05:01 +0000. Up 16.06 seconds.
ci-info: no authorized SSH keys fingerprints found for user ubuntu.
<14>Jan  9 19:05:08 ec2: 
<14>Jan  9 19:05:08 ec2: #############################################################
<14>Jan  9 19:05:08 ec2: -----BEGIN SSH HOST KEY FINGERPRINTS-----
<14>Jan  9 19:05:08 ec2: 1024 SHA256:QE2fs8SwOQDNKkZToyg+AijI9fWKCe2h7hPpENAkNcY root@ubuntu-xenial (DSA)
<14>Jan  9 19:05:08 ec2: 256 SHA256:/02u0EmaRnuNN/cLWeqkp8Fom24JAt9fWtd1dO8HPy0 root@ubuntu-xenial (ECDSA)
<14>Jan  9 19:05:08 ec2: 256 SHA256:1zEXiWQId7ob2aYn7/UF8cccFSPyzGprE1crJtaFZNk root@ubuntu-xenial (ED25519)
<14>Jan  9 19:05:08 ec2: 2048 SHA256:d7RmkdHAKOfAVABy8ZmOfR9NiG1O1WgFwW+XihgG+Ok root@ubuntu-xenial (RSA)
<14>Jan  9 19:05:08 ec2: -----END SSH HOST KEY FINGERPRINTS-----
<14>Jan  9 19:05:08 ec2: #############################################################
-----BEGIN SSH HOST KEY KEYS-----
ecdsa-sha2-nistp256 AAAAE2VjZHNhLXNoYTItbmlzdHAyNTYAAAAIbmlzdHAyNTYAAABBBE8VfKsJfsRSsmicEtf63ZpfBPe/WuMm1I3ufphI3BOR0pd87GAjakcKFmlJoeezlY0mXfQcJkXVJtPeuH+VMmw= root@ubuntu-xenial
ssh-ed25519 AAAAC3NzaC1lZDI1NTE5AAAAIAhpMZpq5ptRjlhbn6/XUbvrogghYQkOCtMh22rfC1ak root@ubuntu-xenial
ssh-rsa AAAAB3NzaC1yc2EAAAADAQABAAABAQDasAbu+cF2Qv494PeMA27qx1n4w7CZEbxIjVDbXcw+DpL6FJmvPwyE/tP+FAthf0FA4H2Ves9/U2f5TOGE9JPd3IF6iPoa3jHnBymIY9g8QBsIZbNevbx8FbhdoXs88Y9sClWiLkyizEMrTpovb9UFKCARCCh9BLKQkPzB/Rug+LZBS3IV+aztN3tt5CWdgRqX2rsN1v08JavkdAEkUq0EGGKJlaMN/w/lh12cu6Xa1z5hIWsMgTPGQ9hpV/SRa0t7MlN3SxTWlkFJT8RbY7xCnmZarjRbM+JGFkajfaeseoSzCzxaJHNAAZNo+3oRdIRtWis/kaF5BZCzFvGnLaiN root@ubuntu-xenial
-----END SSH HOST KEY KEYS-----
[   23.388114] cloud-init[1344]: Cloud-init v. 21.1-19-gbad84ad4-0ubuntu1~16.04.2 running 'modules:final' at Mon, 09 Jan 2023 19:05:08 +0000. Up 23.00 seconds.
[   23.388641] cloud-init[1344]: ci-info: no authorized SSH keys fingerprints found for user ubuntu.
[   23.389290] cloud-init[1344]: Cloud-init v. 21.1-19-gbad84ad4-0ubuntu1~16.04.2 finished at Mon, 09 Jan 2023 19:05:08 +0000. Datasource DataSourceNoCloud [seed=/dev/sdb][dsmode=net].  Up 23.37 seconds
[[0;32m  OK  [0m] Stopped Unattended Upgrades Shutdown.
[[0;32m  OK  [0m] Stopped target Cloud-init target.
[[0;32m  OK  [0m] Stopped Execute cloud user/final scripts.
[[0;32m  OK  [0m] Stopped target Graphical Interface.
[[0;32m  OK  [0m] Stopped target Multi-User System.
         Stopping OpenBSD Secure Shell server...
         Stopping Virtualbox guest utils...
         Stopping Regular background program processing daemon...
         Stopping System Logging Service...
         Stopping LSB: automatic crash report generation...
         Stopping Deferred execution scheduler...
         Stopping Accounts Service...
         Stopping A high performance web server and a reverse proxy server...
         Stopping LSB: daemon to balance interrupts for SMP systems...
         Stopping Session 3 of user vagrant.
         Stopping Authenticate and Authorize Users to Run Privileged Tasks...
         Stopping LSB: Record successful boot for GRUB...
[[0;32m  OK  [0m] Closed Load/Save RF Kill Switch Status /dev/rfkill Watch.
         Stopping LXD - container startup/shutdown...
         Stopping LSB: Set the CPU Frequency Scaling governor to "ondemand"...
         Stopping User Manager for UID 1000...
         Stopping FUSE filesystem for LXC...
[[0;32m  OK  [0m] Stopped target Login Prompts.
         Stopping Serial Getty on ttyS0.         Stopping ACPI event daemon...
         Stopping D-Bus System Message Bus...
         Stopping LSB: MD monitoring daemon...
[[0;32m  OK  [0m] Stopped Apply the settings specified in cloud-config.
[[0;32m  OK  [0m] Stopped target Cloud-config availability.
[[0;32m  OK  [0m] Stopped Wait until snapd is fully seeded.
[[0;32m  OK  [0m] Stopped Message of the Day.
[[0;32m  OK  [0m] Stopped target System Time Synchronized.
[[0;32m  OK  [0m] Unmounted /var/lib/lxcfs.
[[0;32m  OK  [0m] Stopped System Logging Service.
[[0;32m  OK  [0m] Stopped Deferred execution scheduler.
[[0;32m  OK  [0m] Stopped Regular background program processing daemon.
[[0;32m  OK  [0m] Stopped Accounts Service.
[[0;32m  OK  [0m] Stopped ACPI event daemon.
[[0;32m  OK  [0m] Stopped Authenticate and Authorize Users to Run Privileged Tasks.
[[0;32m  OK  [0m] Stopped Getty on tty1.
[[0;32m  OK  [0m] Stopped Serial Getty on ttyS0.
[[0;32m  OK  [0m] Stopped OpenBSD Secure Shell server.
[[0;32m  OK  [0m] Stopped User Manager for UID 1000.
[[0;32m  OK  [0m] Stopped A high performance web server and a reverse proxy server.
[[0;32m  OK  [0m] Stopped Session 3 of user vagrant.
[[0;32m  OK  [0m] Stopped D-Bus System Message Bus.
[[0;32m  OK  [0m] Stopped FUSE filesystem for LXC.
[[0;32m  OK  [0m] Stopped LXD - container startup/shutdown.
[[0;32m  OK  [0m] Stopped LSB: Set the CPU Frequency Scaling governor to "ondemand".
[[0;32m  OK  [0m] Stopped LSB: automatic crash report generation.
[[0;32m  OK  [0m] Stopped LSB: daemon to balance interrupts for SMP systems.
[[0;32m  OK  [0m] Stopped Virtualbox guest utils.
[[0;32m  OK  [0m] Stopped LSB: Record successful boot for GRUB.
[[0;32m  OK  [0m] Stopped LSB: MD monitoring daemon.
[[0;32m  OK  [0m] Removed slice User Slice of vagrant.
         Stopping Login Service...
[[0;32m  OK  [0m] Removed slice system-serial\x2dgetty.slice.
[[0;32m  OK  [0m] Removed slice system-getty.slice.
         Stopping Permit User Sessions...
[[0;32m  OK  [0m] Stopped /etc/rc.local Compatibility.
[[0;32m  OK  [0m] Stopped Permit User Sessions.
[[0;32m  OK  [0m] Stopped target Remote File Systems.
         Unmounting /vagrant...
[[0;32m  OK  [0m] Unmounted /vagrant.
[[0;32m  OK  [0m] Stopped target Remote File Systems (Pre).
         Stopping Login to default iSCSI targets...
[[0;32m  OK  [0m] Stopped Login Service.
[[0;32m  OK  [0m] Stopped target Basic System.
[[0;32m  OK  [0m] Stopped target Sockets.
[[0;32m  OK  [0m] Closed LXD - unix socket.
[[0;32m  OK  [0m] Closed Syslog Socket.
[[0;32m  OK  [0m] Closed ACPID Listen Socket.
[[0;32m  OK  [0m] Closed UUID daemon activation socket.
[[0;32m  OK  [0m] Closed D-Bus System Message Bus Socket.
[[0;32m  OK  [0m] Closed Socket activation for snappy daemon.
[[0;32m  OK  [0m] Stopped target Slices.
[[0;32m  OK  [0m] Stopped target Paths.
[[0;32m  OK  [0m] Stopped ACPI Events Check.
[[0;32m  OK  [0m] Stopped Forward Password Requests to Wall Directory Watch.
[[0;32m  OK  [0m] Stopped Dispatch Password Requests to Console Directory Watch.
[[0;32m  OK  [0m] Stopped target System Initialization.
[[0;32m  OK  [0m] Stopped Commit a transient machine-id on disk.
         Stopping Load/Save Random Seed...
[[0;32m  OK  [0m] Stopped target Encrypted Volumes.
[[0;32m  OK  [0m] Stopped target Swap.
[[0;32m  OK  [0m] Stopped Create Volatile Files and Directories.
[[0;32m  OK  [0m] Removed slice User and Session Slice.
[[0;32m  OK  [0m] Stopped target User and Group Name Lookups.
[[0;32m  OK  [0m] Stopped Login to default iSCSI targets.
[[0;32m  OK  [0m] Stopped Load/Save Random Seed.
         Stopping iSCSI initiator daemon (iscsid)...
[[0;32m  OK  [0m] Stopped iSCSI initiator daemon (iscsid).
[[0;32m  OK  [0m] Stopped target Network is Online.
[[0;32m  OK  [0m] Stopped Initial cloud-init job (metadata service crawler).
[[0;32m  OK  [0m] Stopped target Network.
         Stopping Raise network interfaces...
[[0;32m  OK  [0m] Stopped Raise network interfaces.
[[0;32m  OK  [0m] Stopped target Local File Systems.
         Unmounting /run/user/1000...
[[0;32m  OK  [0m] Stopped target Network (Pre).
[[0;32m  OK  [0m] Stopped Initial cloud-init job (pre-networking).
[[0;32m  OK  [0m] Stopped Apply Kernel Variables.
[[0;32m  OK  [0m] Stopped Load Kernel Modules.
[[0;32m  OK  [0m] Unmounted /run/user/1000.
[[0;32m  OK  [0m] Reached target Unmount All Filesystems.
[[0;32m  OK  [0m] Stopped target Local File Systems (Pre).
         Stopping Monitoring of LVM2 mirrors... dmeventd or progress polling...
[[0;32m  OK  [0m] Stopped Create Static Device Nodes in /dev.
[[0;32m  OK  [0m] Stopped Remount Root and Kernel File Systems.
[[0;32m  OK  [0m] Reached target Shutdown.
[  438.160470] reboot: Power down
